Build started 14/02/2013 8:13:50 PM.
     1>Project "C:\Users\JaeHee Cho\Documents\GitHub\UWaterloo\ECE250\Project2\Project2\Project2.vcxproj" on node 2 (Build target(s)).
     1>Link:
         C:\Program Files (x86)\Microsoft Visual Studio 11.0\VC\bin\link.exe /ERRORREPORT:PROMPT /OUT:"C:\Users\JaeHee Cho\Documents\GitHub\UWaterloo\ECE250\Project2\Debug\Project2.exe" /INCREMENTAL /NOLOGO kernel32.lib user32.lib gdi32.lib winspool.lib comdlg32.lib advapi32.lib shell32.lib ole32.lib oleaut32.lib uuid.lib odbc32.lib odbccp32.lib /MANIFEST /MANIFESTUAC:"level='asInvoker' uiAccess='false'" /manifest:embed /DEBUG /PDB:"C:\Users\JaeHee Cho\Documents\GitHub\UWaterloo\ECE250\Project2\Debug\Project2.pdb" /TLBID:1 /DYNAMICBASE /NXCOMPAT /IMPLIB:"C:\Users\JaeHee Cho\Documents\GitHub\UWaterloo\ECE250\Project2\Debug\Project2.lib" /MACHINE:X86 Debug\Double_hash_table_double_driver.obj
         Debug\Double_hash_table_int_driver.obj
     1>Double_hash_table_int_driver.obj : error LNK2005: "void * __cdecl operator new(unsigned int)" (??2@YAPAXI@Z) already defined in Double_hash_table_double_driver.obj
     1>Double_hash_table_int_driver.obj : error LNK2005: "void __cdecl operator delete(void *)" (??3@YAXPAX@Z) already defined in Double_hash_table_double_driver.obj
     1>Double_hash_table_int_driver.obj : error LNK2005: "void * __cdecl operator new[](unsigned int)" (??_U@YAPAXI@Z) already defined in Double_hash_table_double_driver.obj
     1>Double_hash_table_int_driver.obj : error LNK2005: "void __cdecl operator delete[](void *)" (??_V@YAXPAX@Z) already defined in Double_hash_table_double_driver.obj
     1>Double_hash_table_int_driver.obj : error LNK2005: "bool __cdecl ece250::asymptotic_tester(double *,int,int,bool)" (?asymptotic_tester@ece250@@YA_NPANHH_N@Z) already defined in Double_hash_table_double_driver.obj
     1>Double_hash_table_int_driver.obj : error LNK2005: "void __cdecl ece250::check_array_bounds(char *,unsigned int)" (?check_array_bounds@ece250@@YAXPADI@Z) already defined in Double_hash_table_double_driver.obj
     1>Double_hash_table_int_driver.obj : error LNK2005: "void __cdecl ece250::initialize_array_bounds(char *,unsigned int)" (?initialize_array_bounds@ece250@@YAXPADI@Z) already defined in Double_hash_table_double_driver.obj
     1>Double_hash_table_int_driver.obj : error LNK2005: "int __cdecl ece250::to_int(int *)" (?to_int@ece250@@YAHPAH@Z) already defined in Double_hash_table_double_driver.obj
     1>Double_hash_table_int_driver.obj : error LNK2005: _main already defined in Double_hash_table_double_driver.obj
     1>Double_hash_table_int_driver.obj : error LNK2005: "int ece250::memory_alloc_store" (?memory_alloc_store@ece250@@3HA) already defined in Double_hash_table_double_driver.obj
     1>Double_hash_table_int_driver.obj : error LNK2005: "int ece250::count" (?count@ece250@@3HA) already defined in Double_hash_table_double_driver.obj
     1>Double_hash_table_int_driver.obj : error LNK2005: "class ece250::HashTable ece250::allocation_table" (?allocation_table@ece250@@3VHashTable@1@A) already defined in Double_hash_table_double_driver.obj
     1>Double_hash_table_int_driver.obj : error LNK2005: "class std::basic_string<char,struct std::char_traits<char>,class std::allocator<char> > * ece250::history" (?history@ece250@@3PAV?$basic_string@DU?$char_traits@D@std@@V?$allocator@D@2@@std@@A) already defined in Double_hash_table_double_driver.obj
     1>C:\Users\JaeHee Cho\Documents\GitHub\UWaterloo\ECE250\Project2\Debug\Project2.exe : fatal error LNK1169: one or more multiply defined symbols found
     1>Done Building Project "C:\Users\JaeHee Cho\Documents\GitHub\UWaterloo\ECE250\Project2\Project2\Project2.vcxproj" (Build target(s)) -- FAILED.

Build FAILED.

Time Elapsed 00:00:00.76
